<?xml version="1.0" encoding="UTF-8"?>
<!-- Generated by org.testng.reporters.JUnitReportReporter -->
<testsuite hostname="LAPTOP-GLPUBTPG" failures="1" tests="2" name="testRunner.WebSiteTitleRunner" time="3.901" errors="0" timestamp="2025-11-29T12:40:30 IST" skipped="0">
  <testcase classname="testRunner.WebSiteTitleRunner" name="runScenario" time="1.779">
    <failure message="expected [true] but found [false]" type="java.lang.AssertionError">
      <![CDATA[java.lang.AssertionError: expected [true] but found [false]
at org.testng.Assert.fail(Assert.java:111)
at org.testng.Assert.failNotEquals(Assert.java:1590)
at org.testng.Assert.assertEqualsImpl(Assert.java:150)
at org.testng.Assert.assertEquals(Assert.java:132)
at org.testng.Assert.assertEquals(Assert.java:1079)
at org.testng.Assert.assertEquals(Assert.java:1043)
at org.testng.Assert.assertEquals(Assert.java:1089)
at steps.WebSiteTitleCheckSteps.matching_the_bing_title_and_get_the_result(WebSiteTitleCheckSteps.java:55)
at ✽.Matching the Bing Title and Get the result(file:///C:/Users/D.Soundarya/git/repository/Cucumber/LetcodeCucumber/src/test/java/Feature/WebSiteTitleCheck.feature:17)
]]>
    </failure>
  </testcase> <!-- runScenario -->
  <testcase classname="testRunner.WebSiteTitleRunner" name="runScenario" time="2.122"/>
</testsuite> <!-- testRunner.WebSiteTitleRunner -->
