<?xml version="1.0" encoding="UTF-8"?>
<!-- Generated by org.testng.reporters.JUnitReportReporter -->
<testsuite hostname="LAPTOP-GLPUBTPG" failures="0" tests="3" name="testRunner.AddToCartRunner" time="0.064" errors="0" timestamp="2025-11-27T22:10:06 IST" skipped="0">
  <testcase classname="testRunner.AddToCartRunner" name="runScenario" time="0.003"/>
  <testcase classname="testRunner.AddToCartRunner" name="runScenario" time="0.058"/>
  <testcase classname="testRunner.AddToCartRunner" name="runScenario" time="0.003"/>
</testsuite> <!-- testRunner.AddToCartRunner -->
