<?xml version="1.0" encoding="UTF-8"?>
<!-- Generated by org.testng.reporters.JUnitReportReporter -->
<testsuite hostname="LAPTOP-GLPUBTPG" failures="1" tests="9" name="testRunner.Runner" time="10.481" errors="0" timestamp="2025-12-01T21:20:54 IST" skipped="0">
  <testcase classname="testRunner.Runner" name="runScenario" time="0.942"/>
  <testcase classname="testRunner.Runner" name="runScenario" time="1.855">
    <failure message="expected [true] but found [false]" type="java.lang.AssertionError">
      <![CDATA[java.lang.AssertionError: expected [true] but found [false]
at org.testng.Assert.fail(Assert.java:111)
at org.testng.Assert.failNotEquals(Assert.java:1590)
at org.testng.Assert.assertEqualsImpl(Assert.java:150)
at org.testng.Assert.assertEquals(Assert.java:132)
at org.testng.Assert.assertEquals(Assert.java:1079)
at org.testng.Assert.assertEquals(Assert.java:1043)
at org.testng.Assert.assertEquals(Assert.java:1089)
at steps.WebSiteTitleCheckSteps.matching_the_bing_title_and_get_the_result(WebSiteTitleCheckSteps.java:53)
at ✽.Matching the Bing Title and Get the result(file:///C:/Users/D.Soundarya/git/repository/Cucumber/LetcodeCucumber/src/test/java/Feature/WebSiteTitleCheck.feature:14)
]]>
    </failure>
  </testcase> <!-- runScenario -->
  <testcase classname="testRunner.Runner" name="runScenario" time="0.832"/>
  <testcase classname="testRunner.Runner" name="runScenario" time="0.915"/>
  <testcase classname="testRunner.Runner" name="runScenario" time="0.961"/>
  <testcase classname="testRunner.Runner" name="runScenario" time="1.725"/>
  <testcase classname="testRunner.Runner" name="runScenario" time="0.969"/>
  <testcase classname="testRunner.Runner" name="runScenario" time="0.895"/>
  <testcase classname="testRunner.Runner" name="runScenario" time="1.387"/>
</testsuite> <!-- testRunner.Runner -->
