<?xml version="1.0" encoding="UTF-8"?>
<!-- Generated by org.testng.reporters.JUnitReportReporter -->
<testsuite hostname="LAPTOP-GLPUBTPG" failures="0" tests="2" name="testRunner.BackgroundLoginRunner" time="0.036" errors="0" timestamp="2025-12-02T08:07:38 IST" skipped="0">
  <testcase classname="testRunner.BackgroundLoginRunner" name="runScenario" time="0.008"/>
  <testcase classname="testRunner.BackgroundLoginRunner" name="runScenario" time="0.028"/>
</testsuite> <!-- testRunner.BackgroundLoginRunner -->
