<?xml version="1.0" encoding="UTF-8"?>
<!-- Generated by org.testng.reporters.JUnitReportReporter -->
<testsuite hostname="LAPTOP-GLPUBTPG" failures="1" tests="9" name="testRunner.Runner" time="10.777" errors="0" timestamp="2025-12-01T21:41:49 IST" skipped="0">
  <testcase classname="testRunner.Runner" name="runScenario" time="1.085"/>
  <testcase classname="testRunner.Runner" name="runScenario" time="1.090"/>
  <testcase classname="testRunner.Runner" name="runScenario" time="0.902"/>
  <testcase classname="testRunner.Runner" name="runScenario" time="1.827">
    <failure message="expected [true] but found [false]" type="java.lang.AssertionError">
      <![CDATA[java.lang.AssertionError: expected [true] but found [false]
at org.testng.Assert.fail(Assert.java:111)
at org.testng.Assert.failNotEquals(Assert.java:1590)
at org.testng.Assert.assertEqualsImpl(Assert.java:150)
at org.testng.Assert.assertEquals(Assert.java:132)
at org.testng.Assert.assertEquals(Assert.java:1079)
at org.testng.Assert.assertEquals(Assert.java:1043)
at org.testng.Assert.assertEquals(Assert.java:1089)
at steps.WebSiteTitleCheckSteps.matching_the_bing_title_and_get_the_result(WebSiteTitleCheckSteps.java:53)
at âœ½.Matching the Bing Title and Get the result(file:///C:/Users/D.Soundarya/git/repository/Cucumber/LetcodeCucumber/src/test/java/Feature/WebSiteTitleCheck.feature:14)
]]>
    </failure>
  </testcase> <!-- runScenario -->
  <testcase classname="testRunner.Runner" name="runScenario" time="1.575"/>
  <testcase classname="testRunner.Runner" name="runScenario" time="1.332"/>
  <testcase classname="testRunner.Runner" name="runScenario" time="1.015"/>
  <testcase classname="testRunner.Runner" name="runScenario" time="0.907"/>
  <testcase classname="testRunner.Runner" name="runScenario" time="1.044"/>
</testsuite> <!-- testRunner.Runner -->
