<?xml version="1.0" encoding="UTF-8"?>
<!-- Generated by org.testng.reporters.JUnitReportReporter -->
<testsuite hostname="LAPTOP-GLPUBTPG" failures="0" tests="2" name="fullCodeWrite.WebSiteTitleMatching" time="2.008" errors="0" timestamp="2025-11-29T08:48:09 IST" skipped="0">
  <testcase classname="fullCodeWrite.WebSiteTitleMatching" name="checkingBingTitle" time="0.607"/>
  <testcase classname="fullCodeWrite.WebSiteTitleMatching" name="checkingGoogleTitle" time="1.401"/>
</testsuite> <!-- fullCodeWrite.WebSiteTitleMatching -->
