<?xml version="1.0" encoding="UTF-8"?>
<!-- Generated by org.testng.reporters.JUnitReportReporter -->
<testsuite hostname="LAPTOP-GLPUBTPG" failures="0" tests="7" name="testRunner.HooksRunner" time="0.109" errors="0" timestamp="2025-11-28T13:27:59 IST" skipped="0">
  <testcase classname="testRunner.HooksRunner" name="runScenario" time="0.008"/>
  <testcase classname="testRunner.HooksRunner" name="runScenario" time="0.010"/>
  <testcase classname="testRunner.HooksRunner" name="runScenario" time="0.010"/>
  <testcase classname="testRunner.HooksRunner" name="runScenario" time="0.008"/>
  <testcase classname="testRunner.HooksRunner" name="runScenario" time="0.007"/>
  <testcase classname="testRunner.HooksRunner" name="runScenario" time="0.007"/>
  <testcase classname="testRunner.HooksRunner" name="runScenario" time="0.059"/>
</testsuite> <!-- testRunner.HooksRunner -->
