<?xml version="1.0" encoding="UTF-8"?>
<!-- Generated by org.testng.reporters.JUnitReportReporter -->
<testsuite hostname="LAPTOP-GLPUBTPG" failures="0" tests="2" name="testRunner.BackgroundLoginRunner" time="0.063" errors="0" timestamp="2025-11-27T22:14:50 IST" skipped="0">
  <testcase classname="testRunner.BackgroundLoginRunner" name="runScenario" time="0.004"/>
  <testcase classname="testRunner.BackgroundLoginRunner" name="runScenario" time="0.059"/>
</testsuite> <!-- testRunner.BackgroundLoginRunner -->
