<?xml version="1.0" encoding="UTF-8"?>
<!-- Generated by org.testng.reporters.JUnitReportReporter -->
<testsuite hostname="LAPTOP-GLPUBTPG" failures="0" tests="3" name="testRunner.AddToCartRunner" time="0.045" errors="0" timestamp="2025-12-02T08:07:38 IST" skipped="0">
  <testcase classname="testRunner.AddToCartRunner" name="runScenario" time="0.007"/>
  <testcase classname="testRunner.AddToCartRunner" name="runScenario" time="0.007"/>
  <testcase classname="testRunner.AddToCartRunner" name="runScenario" time="0.031"/>
</testsuite> <!-- testRunner.AddToCartRunner -->
